2025-07-23 21:48:29,629 - __main__ - INFO - Initializing JARVIS components...
2025-07-23 21:48:29,957 - voice_recognition - INFO - Adjusting microphone for ambient noise...
2025-07-23 21:48:32,283 - voice_recognition - INFO - Voice recognizer initialized
2025-07-23 21:48:32,379 - comtypes.client._code_cache - INFO - Imported existing <module 'comtypes.gen' from 'C:\\Users\\Vansh Gautam\\AppData\\Local\\Programs\\Python\\Python310\\lib\\site-packages\\comtypes\\gen\\__init__.py'>
2025-07-23 21:48:32,380 - comtypes.client._code_cache - INFO - Using writeable comtypes cache directory: 'C:\Users\Vansh Gautam\AppData\Local\Programs\Python\Python310\lib\site-packages\comtypes\gen'
2025-07-23 21:48:32,615 - text_to_speech - INFO - Voice set to: Microsoft David Desktop - English (United States)
2025-07-23 21:48:32,615 - text_to_speech - INFO - Voice settings: rate=180, volume=0.9
2025-07-23 21:48:32,616 - text_to_speech - INFO - Text-to-speech initialized successfully
2025-07-23 21:48:32,616 - system_controller - INFO - System controller initialized for windows
2025-07-23 21:48:32,617 - command_processor - INFO - Command processor initialized
2025-07-23 21:48:32,617 - gui_interface - INFO - GUI interface initialized
2025-07-23 21:48:32,617 - __main__ - INFO - All components initialized successfully
2025-07-23 21:48:32,617 - __main__ - INFO - JARVIS is starting up...
2025-07-23 21:48:32,618 - text_to_speech - INFO - Speaking: JARVIS is online and ready for commands, sir.
2025-07-23 21:48:33,404 - gui_interface - INFO - GUI created successfully
2025-07-23 21:48:53,732 - voice_recognition - INFO - Recognized: open Spotify Jarvis open spotify
2025-07-23 21:49:09,809 - voice_recognition - INFO - Recognized: Jarvis Telugu Jarvis
2025-07-23 21:49:18,615 - voice_recognition - INFO - Recognized: hello Jarvis
2025-07-23 21:49:24,452 - voice_recognition - INFO - Recognized: hello Jarvis
2025-07-23 21:49:56,240 - voice_recognition - INFO - Recognized: open Spotify open Spotify open spotify
2025-07-23 21:50:59,784 - __main__ - INFO - Shutdown requested
2025-07-23 21:50:59,786 - __main__ - INFO - JARVIS shutdown complete
2025-07-23 21:52:32,611 - __main__ - INFO - Initializing JARVIS components...
2025-07-23 21:52:32,944 - voice_recognition - INFO - Adjusting microphone for ambient noise...
2025-07-23 21:52:35,233 - voice_recognition - INFO - Voice recognizer initialized
2025-07-23 21:52:35,326 - comtypes.client._code_cache - INFO - Imported existing <module 'comtypes.gen' from 'C:\\Users\\Vansh Gautam\\AppData\\Local\\Programs\\Python\\Python310\\lib\\site-packages\\comtypes\\gen\\__init__.py'>
2025-07-23 21:52:35,327 - comtypes.client._code_cache - INFO - Using writeable comtypes cache directory: 'C:\Users\Vansh Gautam\AppData\Local\Programs\Python\Python310\lib\site-packages\comtypes\gen'
2025-07-23 21:52:35,567 - text_to_speech - INFO - Voice set to: Microsoft David Desktop - English (United States)
2025-07-23 21:52:35,567 - text_to_speech - INFO - Voice settings: rate=180, volume=0.9
2025-07-23 21:52:35,568 - text_to_speech - INFO - Text-to-speech initialized successfully
2025-07-23 21:52:35,569 - system_controller - INFO - System controller initialized for windows
2025-07-23 21:52:35,569 - command_processor - INFO - Command processor initialized
2025-07-23 21:52:35,569 - gui_interface - INFO - GUI interface initialized
2025-07-23 21:52:35,570 - __main__ - INFO - All components initialized successfully
2025-07-23 21:52:35,570 - __main__ - INFO - JARVIS is starting up...
2025-07-23 21:52:35,570 - text_to_speech - INFO - Speaking: JARVIS is online and ready for commands, sir.
2025-07-23 21:52:35,724 - gui_interface - INFO - GUI created successfully
2025-07-23 21:52:57,236 - voice_recognition - INFO - Recognized: open Spotify open spotify
2025-07-23 21:54:17,352 - __main__ - INFO - Shutdown requested
2025-07-23 21:54:17,354 - __main__ - INFO - JARVIS shutdown complete
2025-07-23 21:55:33,018 - __main__ - INFO - Initializing JARVIS components...
2025-07-23 21:55:33,353 - voice_recognition - INFO - Adjusting microphone for ambient noise...
2025-07-23 21:55:35,645 - voice_recognition - INFO - Voice recognizer initialized
2025-07-23 21:55:35,725 - comtypes.client._code_cache - INFO - Imported existing <module 'comtypes.gen' from 'C:\\Users\\Vansh Gautam\\AppData\\Local\\Programs\\Python\\Python310\\lib\\site-packages\\comtypes\\gen\\__init__.py'>
2025-07-23 21:55:35,726 - comtypes.client._code_cache - INFO - Using writeable comtypes cache directory: 'C:\Users\Vansh Gautam\AppData\Local\Programs\Python\Python310\lib\site-packages\comtypes\gen'
2025-07-23 21:55:35,932 - text_to_speech - INFO - Voice set to: Microsoft David Desktop - English (United States)
2025-07-23 21:55:35,932 - text_to_speech - INFO - Voice settings: rate=180, volume=0.9
2025-07-23 21:55:35,933 - text_to_speech - INFO - Text-to-speech initialized successfully
2025-07-23 21:55:35,933 - system_controller - INFO - System controller initialized for windows
2025-07-23 21:55:35,934 - command_processor - INFO - Command processor initialized
2025-07-23 21:55:35,934 - gui_interface - INFO - GUI interface initialized
2025-07-23 21:55:35,934 - __main__ - INFO - All components initialized successfully
2025-07-23 21:55:35,934 - __main__ - INFO - JARVIS is starting up...
2025-07-23 21:55:35,935 - text_to_speech - INFO - Speaking: JARVIS is online and ready for commands, sir.
2025-07-23 21:55:36,092 - gui_interface - INFO - GUI created successfully
2025-07-23 21:55:46,236 - voice_recognition - INFO - Recognized: take a screenshot
2025-07-23 21:57:14,579 - __main__ - INFO - Shutdown requested
2025-07-23 21:57:14,580 - __main__ - INFO - JARVIS shutdown complete
2025-07-23 22:02:10,800 - __main__ - INFO - Initializing JARVIS components...
2025-07-23 22:02:11,131 - voice_recognition - INFO - Adjusting microphone for ambient noise...
2025-07-23 22:02:13,431 - voice_recognition - INFO - Voice recognizer initialized
2025-07-23 22:02:13,512 - comtypes.client._code_cache - INFO - Imported existing <module 'comtypes.gen' from 'C:\\Users\\Vansh Gautam\\AppData\\Local\\Programs\\Python\\Python310\\lib\\site-packages\\comtypes\\gen\\__init__.py'>
2025-07-23 22:02:13,513 - comtypes.client._code_cache - INFO - Using writeable comtypes cache directory: 'C:\Users\Vansh Gautam\AppData\Local\Programs\Python\Python310\lib\site-packages\comtypes\gen'
2025-07-23 22:02:13,716 - text_to_speech - INFO - Voice set to: Microsoft David Desktop - English (United States)
2025-07-23 22:02:13,717 - text_to_speech - INFO - Voice settings: rate=180, volume=0.9
2025-07-23 22:02:13,718 - text_to_speech - INFO - Text-to-speech initialized successfully
2025-07-23 22:02:13,719 - system_controller - INFO - System controller initialized for windows
2025-07-23 22:02:13,719 - command_processor - INFO - Command processor initialized
2025-07-23 22:02:13,720 - gui_interface - INFO - GUI interface initialized
2025-07-23 22:02:13,720 - __main__ - INFO - All components initialized successfully
2025-07-23 22:02:13,720 - __main__ - INFO - JARVIS is starting up...
2025-07-23 22:02:13,721 - text_to_speech - INFO - Speaking: JARVIS is online and ready for commands, sir.
2025-07-23 22:02:13,883 - gui_interface - INFO - GUI created successfully
2025-07-23 22:02:28,611 - voice_recognition - INFO - Recognized: Jarvis open spotify
2025-07-23 22:03:42,145 - voice_recognition - INFO - Recognized: start spotify
2025-07-23 22:04:34,575 - voice_recognition - INFO - Recognized: Jarvis take a screenshot
2025-07-23 22:05:25,569 - voice_recognition - INFO - Recognized: Achcha
2025-07-23 22:05:42,396 - __main__ - INFO - Shutdown requested
2025-07-23 22:05:42,397 - __main__ - INFO - JARVIS shutdown complete
2025-07-23 22:06:07,460 - __main__ - INFO - Initializing JARVIS components...
2025-07-23 22:06:07,789 - voice_recognition - INFO - Adjusting microphone for ambient noise...
2025-07-23 22:06:10,068 - voice_recognition - INFO - Voice recognizer initialized
2025-07-23 22:06:10,148 - comtypes.client._code_cache - INFO - Imported existing <module 'comtypes.gen' from 'C:\\Users\\Vansh Gautam\\AppData\\Local\\Programs\\Python\\Python310\\lib\\site-packages\\comtypes\\gen\\__init__.py'>
2025-07-23 22:06:10,148 - comtypes.client._code_cache - INFO - Using writeable comtypes cache directory: 'C:\Users\Vansh Gautam\AppData\Local\Programs\Python\Python310\lib\site-packages\comtypes\gen'
2025-07-23 22:06:10,381 - text_to_speech - INFO - Voice set to: Microsoft David Desktop - English (United States)
2025-07-23 22:06:10,381 - text_to_speech - INFO - Voice settings: rate=180, volume=0.9
2025-07-23 22:06:10,382 - text_to_speech - INFO - Text-to-speech initialized successfully
2025-07-23 22:06:10,382 - system_controller - INFO - System controller initialized for windows
2025-07-23 22:06:10,382 - command_processor - INFO - Command processor initialized
2025-07-23 22:06:10,383 - gui_interface - INFO - GUI interface initialized
2025-07-23 22:06:10,383 - __main__ - INFO - All components initialized successfully
2025-07-23 22:06:10,383 - __main__ - INFO - JARVIS is starting up...
2025-07-23 22:06:10,383 - text_to_speech - INFO - Speaking: JARVIS is online and ready for commands, sir.
2025-07-23 22:06:10,540 - gui_interface - INFO - GUI created successfully
2025-07-23 22:06:16,360 - voice_recognition - INFO - Recognized: open spotify
2025-07-23 22:06:30,489 - voice_recognition - INFO - Recognized: open discord
2025-07-23 22:08:33,700 - __main__ - INFO - Shutdown requested
2025-07-23 22:08:33,700 - __main__ - INFO - JARVIS shutdown complete
2025-07-23 22:08:43,191 - __main__ - INFO - Initializing JARVIS components...
2025-07-23 22:08:43,516 - voice_recognition - INFO - Adjusting microphone for ambient noise...
2025-07-23 22:08:45,803 - voice_recognition - INFO - Voice recognizer initialized
2025-07-23 22:08:45,891 - comtypes.client._code_cache - INFO - Imported existing <module 'comtypes.gen' from 'C:\\Users\\Vansh Gautam\\AppData\\Local\\Programs\\Python\\Python310\\lib\\site-packages\\comtypes\\gen\\__init__.py'>
2025-07-23 22:08:45,892 - comtypes.client._code_cache - INFO - Using writeable comtypes cache directory: 'C:\Users\Vansh Gautam\AppData\Local\Programs\Python\Python310\lib\site-packages\comtypes\gen'
2025-07-23 22:08:46,141 - text_to_speech - INFO - Voice set to: Microsoft David Desktop - English (United States)
2025-07-23 22:08:46,142 - text_to_speech - INFO - Voice settings: rate=180, volume=0.9
2025-07-23 22:08:46,143 - text_to_speech - INFO - Text-to-speech initialized successfully
2025-07-23 22:08:46,143 - system_controller - INFO - System controller initialized for windows
2025-07-23 22:08:46,143 - command_processor - INFO - Command processor initialized
2025-07-23 22:08:46,144 - gui_interface - INFO - GUI interface initialized
2025-07-23 22:08:46,144 - __main__ - INFO - All components initialized successfully
2025-07-23 22:08:46,144 - __main__ - INFO - JARVIS is starting up...
2025-07-23 22:08:46,145 - text_to_speech - INFO - Speaking: JARVIS is online and ready for commands, sir.
2025-07-23 22:08:46,298 - gui_interface - INFO - GUI created successfully
2025-07-23 22:08:59,378 - voice_recognition - INFO - Recognized: how are you
2025-07-23 22:10:01,330 - voice_recognition - INFO - Recognized: adjust volume
2025-07-23 22:10:15,256 - voice_recognition - INFO - Recognized: adjust volume to 50
2025-07-24 18:18:09,278 - __main__ - INFO - Initializing JARVIS components...
2025-07-24 18:18:09,646 - voice_recognition - INFO - Adjusting microphone for ambient noise...
2025-07-24 18:18:12,012 - voice_recognition - INFO - Voice recognizer initialized
2025-07-24 18:18:12,141 - comtypes.client._code_cache - INFO - Imported existing <module 'comtypes.gen' from 'C:\\Users\\Vansh Gautam\\AppData\\Local\\Programs\\Python\\Python310\\lib\\site-packages\\comtypes\\gen\\__init__.py'>
2025-07-24 18:18:12,142 - comtypes.client._code_cache - INFO - Using writeable comtypes cache directory: 'C:\Users\Vansh Gautam\AppData\Local\Programs\Python\Python310\lib\site-packages\comtypes\gen'
2025-07-24 18:18:12,682 - text_to_speech - INFO - Voice set to: Microsoft David Desktop - English (United States)
2025-07-24 18:18:12,683 - text_to_speech - INFO - Voice settings: rate=180, volume=0.9
2025-07-24 18:18:12,684 - text_to_speech - INFO - Text-to-speech initialized successfully
2025-07-24 18:18:12,684 - system_controller - INFO - System controller initialized for windows
2025-07-24 18:18:12,684 - command_processor - INFO - Command processor initialized
2025-07-24 18:18:12,685 - gui_interface - INFO - GUI interface initialized
2025-07-24 18:18:12,685 - __main__ - INFO - All components initialized successfully
2025-07-24 18:18:12,685 - __main__ - INFO - JARVIS is starting up...
2025-07-24 18:18:12,685 - text_to_speech - INFO - Speaking: JARVIS is online and ready for commands, sir.
2025-07-24 18:18:13,568 - gui_interface - INFO - GUI created successfully
2025-07-24 18:18:19,235 - voice_recognition - INFO - Recognized: hey Jarvis
2025-07-24 18:18:19,235 - __main__ - INFO - Wake word detected
2025-07-24 18:18:56,352 - voice_recognition - INFO - Recognized: hey Jarvis
2025-07-24 18:18:56,352 - __main__ - INFO - Wake word detected
2025-07-24 18:19:04,648 - voice_recognition - INFO - Recognized: open calculator
2025-07-24 18:19:04,648 - __main__ - INFO - Command received: open calculator
2025-07-24 18:19:04,652 - command_processor - INFO - Processing command: open calculator
2025-07-24 18:19:04,668 - system_controller - INFO - Opened application: calculator
2025-07-24 18:19:04,668 - command_processor - INFO - Command handled by handle_open_application
2025-07-24 18:19:10,689 - voice_recognition - INFO - Recognized: hey Jarvis
2025-07-24 18:19:10,690 - __main__ - INFO - Wake word detected
2025-07-24 18:19:14,683 - voice_recognition - INFO - Recognized: open spotify
2025-07-24 18:19:14,683 - __main__ - INFO - Command received: open spotify
2025-07-24 18:19:14,684 - command_processor - INFO - Processing command: open spotify
2025-07-24 18:19:14,693 - system_controller - INFO - Opened application: spotify
2025-07-24 18:19:14,694 - command_processor - INFO - Command handled by handle_open_application
2025-07-24 18:19:35,367 - voice_recognition - INFO - Recognized: hey Jarvis
2025-07-24 18:19:35,367 - __main__ - INFO - Wake word detected
2025-07-24 18:19:39,747 - voice_recognition - INFO - Recognized: screenshot
2025-07-24 18:19:39,748 - __main__ - INFO - Command received: screenshot
2025-07-24 18:19:39,748 - command_processor - INFO - Processing command: screenshot
2025-07-24 18:19:40,046 - system_controller - INFO - Screenshot saved: screenshot_20250724_181939.png
2025-07-24 18:19:40,048 - command_processor - INFO - Command handled by handle_screenshot
2025-07-24 18:20:04,102 - voice_recognition - INFO - Recognized: hey Jarvis
2025-07-24 18:20:04,103 - __main__ - INFO - Wake word detected
2025-07-24 18:20:07,111 - voice_recognition - INFO - Recognized: open discord
2025-07-24 18:20:07,111 - __main__ - INFO - Command received: open discord
2025-07-24 18:20:07,113 - command_processor - INFO - Processing command: open discord
2025-07-24 18:20:07,134 - system_controller - INFO - Opened application: discord
2025-07-24 18:20:07,134 - command_processor - INFO - Command handled by handle_open_application
2025-07-24 18:20:50,834 - voice_recognition - INFO - Recognized: free service
2025-07-24 18:21:20,427 - voice_recognition - INFO - Recognized: hey Jarvis
2025-07-24 18:21:20,428 - __main__ - INFO - Wake word detected
2025-07-24 18:21:25,344 - voice_recognition - INFO - Recognized: open spotify
2025-07-24 18:21:25,344 - __main__ - INFO - Command received: open spotify
2025-07-24 18:21:25,346 - command_processor - INFO - Processing command: open spotify
2025-07-24 18:21:25,352 - system_controller - INFO - Opened application: spotify
2025-07-24 18:21:25,354 - command_processor - INFO - Command handled by handle_open_application
2025-07-24 18:22:01,492 - voice_recognition - INFO - Recognized: hey Jarvis
2025-07-24 18:22:01,492 - __main__ - INFO - Wake word detected
2025-07-24 18:22:09,272 - voice_recognition - INFO - Recognized: volume 50%
2025-07-24 18:22:09,273 - __main__ - INFO - Command received: volume 50%
2025-07-24 18:22:09,274 - command_processor - INFO - Processing command: volume 50%
2025-07-24 18:22:09,282 - system_controller - ERROR - Error adjusting volume: [WinError 2] The system cannot find the file specified
2025-07-24 18:22:09,282 - command_processor - INFO - Command handled by handle_set_volume
2025-07-24 18:22:54,634 - voice_recognition - INFO - Recognized: hey Jarvis
2025-07-24 18:22:54,635 - __main__ - INFO - Wake word detected
2025-07-24 18:23:00,380 - voice_recognition - INFO - Recognized: play music
2025-07-24 18:23:00,381 - __main__ - INFO - Command received: play music
2025-07-24 18:23:00,383 - command_processor - INFO - Processing command: play music
2025-07-24 18:23:26,995 - voice_recognition - INFO - Recognized: Jarvis
2025-07-24 18:23:35,288 - voice_recognition - INFO - Recognized: 2020
2025-07-24 18:23:49,726 - voice_recognition - INFO - Recognized: hey Jarvis
2025-07-24 18:23:49,726 - __main__ - INFO - Wake word detected
2025-07-24 18:23:55,460 - voice_recognition - INFO - Recognized: create a folder
2025-07-24 18:23:55,461 - __main__ - INFO - Command received: create a folder
2025-07-24 18:23:55,463 - command_processor - INFO - Processing command: create a folder
2025-07-24 18:29:50,113 - __main__ - INFO - Shutdown requested
2025-07-24 18:29:50,113 - __main__ - INFO - JARVIS shutdown complete
2025-07-24 18:29:59,314 - __main__ - INFO - Initializing JARVIS components...
2025-07-24 18:29:59,640 - voice_recognition - INFO - Adjusting microphone for ambient noise...
2025-07-24 18:30:01,934 - voice_recognition - INFO - Voice recognizer initialized
2025-07-24 18:30:02,013 - comtypes.client._code_cache - INFO - Imported existing <module 'comtypes.gen' from 'C:\\Users\\Vansh Gautam\\AppData\\Local\\Programs\\Python\\Python310\\lib\\site-packages\\comtypes\\gen\\__init__.py'>
2025-07-24 18:30:02,014 - comtypes.client._code_cache - INFO - Using writeable comtypes cache directory: 'C:\Users\Vansh Gautam\AppData\Local\Programs\Python\Python310\lib\site-packages\comtypes\gen'
2025-07-24 18:30:02,266 - text_to_speech - INFO - Voice set to: Microsoft David Desktop - English (United States)
2025-07-24 18:30:02,267 - text_to_speech - INFO - Voice settings: rate=180, volume=0.9
2025-07-24 18:30:02,268 - text_to_speech - INFO - Text-to-speech initialized successfully
2025-07-24 18:30:02,268 - system_controller - INFO - System controller initialized for windows
2025-07-24 18:30:02,268 - command_processor - INFO - Command processor initialized
2025-07-24 18:30:02,269 - gui_interface - INFO - GUI interface initialized
2025-07-24 18:30:02,269 - __main__ - INFO - All components initialized successfully
2025-07-24 18:30:02,269 - __main__ - INFO - JARVIS is starting up...
2025-07-24 18:30:02,269 - text_to_speech - INFO - Speaking: JARVIS is online and ready for commands, sir.
2025-07-24 18:30:02,453 - gui_interface - INFO - GUI created successfully
2025-07-24 18:30:09,266 - __main__ - INFO - Shutdown requested
2025-07-24 18:30:09,267 - __main__ - INFO - JARVIS shutdown complete
2025-07-24 18:30:39,495 - __main__ - INFO - Initializing JARVIS components...
2025-07-24 18:30:39,816 - voice_recognition - INFO - Adjusting microphone for ambient noise...
2025-07-24 18:30:42,103 - voice_recognition - INFO - Voice recognizer initialized
2025-07-24 18:30:42,177 - comtypes.client._code_cache - INFO - Imported existing <module 'comtypes.gen' from 'C:\\Users\\Vansh Gautam\\AppData\\Local\\Programs\\Python\\Python310\\lib\\site-packages\\comtypes\\gen\\__init__.py'>
2025-07-24 18:30:42,177 - comtypes.client._code_cache - INFO - Using writeable comtypes cache directory: 'C:\Users\Vansh Gautam\AppData\Local\Programs\Python\Python310\lib\site-packages\comtypes\gen'
2025-07-24 18:30:42,413 - text_to_speech - INFO - Voice set to: Microsoft David Desktop - English (United States)
2025-07-24 18:30:42,413 - text_to_speech - INFO - Voice settings: rate=180, volume=0.9
2025-07-24 18:30:42,415 - text_to_speech - INFO - Text-to-speech initialized successfully
2025-07-24 18:30:42,427 - system_controller - INFO - System controller initialized for windows
2025-07-24 18:30:42,428 - command_processor - INFO - Command processor initialized
2025-07-24 18:30:42,428 - gui_interface - INFO - GUI interface initialized
2025-07-24 18:30:42,429 - __main__ - INFO - All components initialized successfully
2025-07-24 18:30:42,429 - __main__ - INFO - JARVIS is starting up...
2025-07-24 18:30:42,430 - text_to_speech - INFO - Speaking: JARVIS is online and ready for commands, sir.
2025-07-24 18:30:42,598 - gui_interface - INFO - GUI created successfully
2025-07-24 18:31:03,594 - voice_recognition - INFO - Recognized: Jarvis
2025-07-24 18:32:10,803 - __main__ - INFO - Shutdown requested
2025-07-24 18:32:10,804 - __main__ - INFO - JARVIS shutdown complete
2025-07-24 18:32:22,693 - __main__ - INFO - Initializing JARVIS components...
2025-07-24 18:32:23,016 - voice_recognition - INFO - Adjusting microphone for ambient noise...
2025-07-24 18:32:25,304 - voice_recognition - INFO - Voice recognizer initialized
2025-07-24 18:32:25,401 - comtypes.client._code_cache - INFO - Imported existing <module 'comtypes.gen' from 'C:\\Users\\Vansh Gautam\\AppData\\Local\\Programs\\Python\\Python310\\lib\\site-packages\\comtypes\\gen\\__init__.py'>
2025-07-24 18:32:25,401 - comtypes.client._code_cache - INFO - Using writeable comtypes cache directory: 'C:\Users\Vansh Gautam\AppData\Local\Programs\Python\Python310\lib\site-packages\comtypes\gen'
2025-07-24 18:32:25,634 - text_to_speech - INFO - Voice set to: Microsoft David Desktop - English (United States)
2025-07-24 18:32:25,634 - text_to_speech - INFO - Voice settings: rate=180, volume=0.9
2025-07-24 18:32:25,635 - text_to_speech - INFO - Text-to-speech initialized successfully
2025-07-24 18:32:25,637 - system_controller - INFO - System controller initialized for windows
2025-07-24 18:32:25,638 - command_processor - INFO - Command processor initialized
2025-07-24 18:32:25,638 - gui_interface - INFO - GUI interface initialized
2025-07-24 18:32:25,639 - __main__ - INFO - All components initialized successfully
2025-07-24 18:32:25,639 - __main__ - INFO - JARVIS is starting up...
2025-07-24 18:32:25,640 - text_to_speech - INFO - Speaking: JARVIS is online and ready for commands, sir.
2025-07-24 18:32:25,814 - gui_interface - INFO - GUI created successfully
2025-07-24 18:33:58,696 - voice_recognition - INFO - Recognized: hey Jarvis
2025-07-24 18:33:58,696 - __main__ - INFO - Wake word detected
2025-07-24 18:34:05,454 - voice_recognition - INFO - Recognized: take a screenshot
2025-07-24 18:34:05,455 - __main__ - INFO - Command received: take a screenshot
2025-07-24 18:34:05,457 - command_processor - INFO - Processing command: take a screenshot
2025-07-24 18:34:05,675 - system_controller - INFO - Screenshot saved: screenshot_20250724_183405.png
2025-07-24 18:34:05,676 - command_processor - INFO - Command handled by handle_screenshot
2025-07-24 18:34:21,633 - voice_recognition - INFO - Recognized: hey Jarvis
2025-07-24 18:34:21,635 - __main__ - INFO - Wake word detected
2025-07-24 18:34:37,199 - voice_recognition - INFO - Recognized: open discord open discord
2025-07-24 18:34:37,201 - __main__ - INFO - Command received: open discord open discord
2025-07-24 18:34:37,202 - command_processor - INFO - Processing command: open discord open discord
2025-07-24 18:34:37,202 - system_controller - INFO - Attempting to open: discord open discord (cleaned: discord_open_discord)
2025-07-24 18:34:37,202 - system_controller - INFO - Attempting to open: discord (cleaned: discord)
2025-07-24 18:34:37,763 - system_controller - INFO - Opened application: discord
2025-07-24 18:34:37,764 - command_processor - INFO - Command handled by handle_open_application
2025-07-24 18:34:53,911 - voice_recognition - INFO - Recognized: credit score
2025-07-24 18:35:08,430 - voice_recognition - INFO - Recognized: hey Jarvis
2025-07-24 18:35:08,431 - __main__ - INFO - Wake word detected
2025-07-24 18:35:12,730 - voice_recognition - INFO - Recognized: open spotify
2025-07-24 18:35:12,730 - __main__ - INFO - Command received: open spotify
2025-07-24 18:35:12,732 - command_processor - INFO - Processing command: open spotify
2025-07-24 18:35:12,732 - system_controller - INFO - Attempting to open: spotify (cleaned: spotify)
2025-07-24 18:35:12,865 - system_controller - INFO - Opened application: spotify
2025-07-24 18:35:12,865 - command_processor - INFO - Command handled by handle_open_application
2025-07-24 18:35:38,330 - voice_recognition - INFO - Recognized: hey Jarvis
2025-07-24 18:35:38,331 - __main__ - INFO - Wake word detected
2025-07-24 18:35:50,209 - voice_recognition - INFO - Recognized: hey Jarvis
2025-07-24 18:35:50,210 - __main__ - INFO - Wake word detected
2025-07-24 18:35:54,612 - voice_recognition - INFO - Recognized: play a song
2025-07-24 18:35:54,613 - __main__ - INFO - Command received: play a song
2025-07-24 18:35:54,615 - command_processor - INFO - Processing command: play a song
2025-07-24 18:42:36,396 - voice_recognition - INFO - Recognized: Virat Kohli
2025-07-24 18:43:24,628 - __main__ - INFO - Shutdown requested
2025-07-24 18:43:24,628 - __main__ - INFO - JARVIS shutdown complete
